<!DOCTYPE html PUBLIC "-//W3C//DTD XHTML 1.1//EN" "https://www.w3.org/TR/xhtml11/DTD/xhtml11.dtd">
<html xmlns="https://www.w3.org/1999/xhtml">
<head>
<meta http-equiv="content-type" content="text/html; charset=UTF-8"/>
<title>TestNG Report</title>
<style type="text/css">table {margin-bottom:10px;border-collapse:collapse;empty-cells:show}th,td {border:1px solid #009;padding:.25em .5em}th {vertical-align:bottom}td {vertical-align:top}table a {font-weight:bold}.stripe td {background-color: #E6EBF9}.num {text-align:right}.passedodd td {background-color: #3F3}.passedeven td {background-color: #0A0}.skippedodd td {background-color: #DDD}.skippedeven td {background-color: #CCC}.failedodd td,.attn {background-color: #F33}.failedeven td,.stripe .attn {background-color: #D00}.stacktrace {white-space:pre;font-family:monospace}.totop {font-size:85%;text-align:center;border-bottom:2px solid #000}.invisible {display:none}</style>
</head>
<body>
<table>
<tr><th>Test</th><th># Passed</th><th># Skipped</th><th># Retried</th><th># Failed</th><th>Time (ms)</th><th>Included Groups</th><th>Excluded Groups</th></tr>
<tr><th colspan="8">restAssuredTestSuite</th></tr>
<tr><td><a href="#t0">restAssuredTests</a></td><td class="num">4</td><td class="num">0</td><td class="num">0</td><td class="num attn">8</td><td class="num">7,035</td><td></td><td></td></tr>
</table>
<table id='summary'><thead><tr><th>Class</th><th>Method</th><th>Start</th><th>Time (ms)</th></tr></thead><tbody><tr><th colspan="4">restAssuredTestSuite</th></tr></tbody><tbody id="t0"><tr><th colspan="4">restAssuredTests &#8212; failed</th></tr><tr class="failedeven"><td rowspan="2">TestCases.TC001_Get_All_Employees</td><td><a href="#m0">checkContentType</a></td><td rowspan="1">1682505242445</td><td rowspan="1">32</td></tr><tr class="failedeven"><td><a href="#m1">checkStatusCode</a></td><td rowspan="1">1682505242650</td><td rowspan="1">15</td></tr><tr class="failedodd"><td rowspan="3">TestCases.TC002_create_New_Employee</td><td><a href="#m2">checkContentType</a></td><td rowspan="1">1682505243778</td><td rowspan="1">13</td></tr><tr class="failedodd"><td><a href="#m3">checkResponseBody</a></td><td rowspan="1">1682505243809</td><td rowspan="1">13</td></tr><tr class="failedodd"><td><a href="#m4">checkStatusCode</a></td><td rowspan="1">1682505243863</td><td rowspan="1">4</td></tr><tr class="failedeven"><td rowspan="3">TestCases.TC004_Update_Employee</td><td><a href="#m5">checkContentType</a></td><td rowspan="1">1682505244819</td><td rowspan="1">6</td></tr><tr class="failedeven"><td><a href="#m6">checkResponseBody</a></td><td rowspan="1">1682505244835</td><td rowspan="1">6</td></tr><tr class="failedeven"><td><a href="#m7">checkStatusCode</a></td><td rowspan="1">1682505244863</td><td rowspan="1">4</td></tr><tr><th colspan="4">restAssuredTests &#8212; passed</th></tr><tr class="passedeven"><td rowspan="2">TestCases.TC001_Get_All_Employees</td><td><a href="#m8">checkResponseBody</a></td><td rowspan="1">1682505242502</td><td rowspan="1">88</td></tr><tr class="passedeven"><td><a href="#m9">checkResponseTime</a></td><td rowspan="1">1682505242600</td><td rowspan="1">21</td></tr><tr class="passedodd"><td rowspan="1">TestCases.TC002_create_New_Employee</td><td><a href="#m10">checkResponseTime</a></td><td rowspan="1">1682505243848</td><td rowspan="1">6</td></tr><tr class="passedeven"><td rowspan="1">TestCases.TC004_Update_Employee</td><td><a href="#m11">checkResponseTime</a></td><td rowspan="1">1682505244849</td><td rowspan="1">4</td></tr></tbody>
</table>
<h2>restAssuredTests</h2><h3 id="m0">TestCases.TC001_Get_All_Employees#checkContentType</h3><table class="result"><tr><th>Exception</th></tr><tr><td><div class="stacktrace">java.lang.AssertionError: expected [application/json] but found [text/html; charset=UTF-8]
	at TestCases.TC001_Get_All_Employees.checkContentType(TC001_Get_All_Employees.java:62)
	at java.base/java.util.ArrayList.forEach(ArrayList.java:1511)
... Removed 33 stack frames</div></td></tr></table><p class="totop"><a href="#summary">back to summary</a></p>
<h3 id="m1">TestCases.TC001_Get_All_Employees#checkStatusCode</h3><table class="result"><tr><th>Exception</th></tr><tr><td><div class="stacktrace">java.lang.AssertionError: expected [200] but found [429]
	at TestCases.TC001_Get_All_Employees.checkStatusCode(TC001_Get_All_Employees.java:39)
	at java.base/java.util.ArrayList.forEach(ArrayList.java:1511)
... Removed 34 stack frames</div></td></tr></table><p class="totop"><a href="#summary">back to summary</a></p>
<h3 id="m2">TestCases.TC002_create_New_Employee#checkContentType</h3><table class="result"><tr><th>Exception</th></tr><tr><td><div class="stacktrace">java.lang.AssertionError: expected [application/json] but found [text/html; charset=UTF-8]
	at TestCases.TC002_create_New_Employee.checkContentType(TC002_create_New_Employee.java:67)
	at java.base/java.util.ArrayList.forEach(ArrayList.java:1511)
... Removed 33 stack frames</div></td></tr></table><p class="totop"><a href="#summary">back to summary</a></p>
<h3 id="m3">TestCases.TC002_create_New_Employee#checkResponseBody</h3><table class="result"><tr><th>Exception</th></tr><tr><td><div class="stacktrace">java.lang.AssertionError: expected [true] but found [false]
	at TestCases.TC002_create_New_Employee.checkResponseBody(TC002_create_New_Employee.java:45)
	at java.base/java.util.ArrayList.forEach(ArrayList.java:1511)
... Removed 34 stack frames</div></td></tr></table><p class="totop"><a href="#summary">back to summary</a></p>
<h3 id="m4">TestCases.TC002_create_New_Employee#checkStatusCode</h3><table class="result"><tr><th>Exception</th></tr><tr><td><div class="stacktrace">java.lang.AssertionError: expected [200] but found [429]
	at TestCases.TC002_create_New_Employee.checkStatusCode(TC002_create_New_Employee.java:57)
	at java.base/java.util.ArrayList.forEach(ArrayList.java:1511)
... Removed 34 stack frames</div></td></tr></table><p class="totop"><a href="#summary">back to summary</a></p>
<h3 id="m5">TestCases.TC004_Update_Employee#checkContentType</h3><table class="result"><tr><th>Exception</th></tr><tr><td><div class="stacktrace">java.lang.AssertionError: expected [application/json] but found [text/html; charset=UTF-8]
	at TestCases.TC004_Update_Employee.checkContentType(TC004_Update_Employee.java:65)
	at java.base/java.util.ArrayList.forEach(ArrayList.java:1511)
... Removed 33 stack frames</div></td></tr></table><p class="totop"><a href="#summary">back to summary</a></p>
<h3 id="m6">TestCases.TC004_Update_Employee#checkResponseBody</h3><table class="result"><tr><th>Exception</th></tr><tr><td><div class="stacktrace">java.lang.AssertionError: expected [true] but found [false]
	at TestCases.TC004_Update_Employee.checkResponseBody(TC004_Update_Employee.java:43)
	at java.base/java.util.ArrayList.forEach(ArrayList.java:1511)
... Removed 34 stack frames</div></td></tr></table><p class="totop"><a href="#summary">back to summary</a></p>
<h3 id="m7">TestCases.TC004_Update_Employee#checkStatusCode</h3><table class="result"><tr><th>Exception</th></tr><tr><td><div class="stacktrace">java.lang.AssertionError: expected [200] but found [429]
	at TestCases.TC004_Update_Employee.checkStatusCode(TC004_Update_Employee.java:55)
	at java.base/java.util.ArrayList.forEach(ArrayList.java:1511)
... Removed 34 stack frames</div></td></tr></table><p class="totop"><a href="#summary">back to summary</a></p>
<h3 id="m8">TestCases.TC001_Get_All_Employees#checkResponseBody</h3><table class="result"><tr><th class="invisible"/></tr></table><p class="totop"><a href="#summary">back to summary</a></p>
<h3 id="m9">TestCases.TC001_Get_All_Employees#checkResponseTime</h3><table class="result"><tr><th class="invisible"/></tr></table><p class="totop"><a href="#summary">back to summary</a></p>
<h3 id="m10">TestCases.TC002_create_New_Employee#checkResponseTime</h3><table class="result"><tr><th class="invisible"/></tr></table><p class="totop"><a href="#summary">back to summary</a></p>
<h3 id="m11">TestCases.TC004_Update_Employee#checkResponseTime</h3><table class="result"><tr><th class="invisible"/></tr></table><p class="totop"><a href="#summary">back to summary</a></p>
</body>
</html>
